2024-04-21 00:32:41,019 - IB Producer - INFO - AAPL subscription
2024-04-21 00:32:41,022 - IB Producer - INFO - NVDA subscription
2024-04-21 00:32:41,028 - IB Producer - INFO - BABA subscription
2024-04-21 00:33:08,063 - IB Producer - INFO - AAPL subscription
2024-04-21 00:33:08,067 - IB Producer - INFO - NVDA subscription
2024-04-21 00:33:08,074 - IB Producer - INFO - BABA subscription
2024-04-21 00:33:41,496 - IB Producer - INFO - AAPL subscription
2024-04-21 00:33:41,501 - IB Producer - INFO - NVDA subscription
2024-04-21 00:33:41,506 - IB Producer - INFO - BABA subscription
2024-04-21 00:33:42,976 - IB Producer - INFO - AAPL subscription
2024-04-21 00:33:42,980 - IB Producer - INFO - NVDA subscription
2024-04-21 00:33:42,986 - IB Producer - INFO - BABA subscription
2024-04-21 00:33:44,552 - IB Producer - INFO - AAPL subscription
2024-04-21 00:33:44,554 - IB Producer - INFO - NVDA subscription
2024-04-21 00:33:44,560 - IB Producer - INFO - BABA subscription
2024-04-21 00:33:46,330 - IB Producer - INFO - AAPL subscription
2024-04-21 00:33:46,334 - IB Producer - INFO - NVDA subscription
2024-04-21 00:33:46,341 - IB Producer - INFO - BABA subscription
2024-04-21 00:33:48,559 - IB Producer - INFO - AAPL subscription
2024-04-21 00:33:48,562 - IB Producer - INFO - NVDA subscription
2024-04-21 00:33:48,568 - IB Producer - INFO - BABA subscription
2024-04-21 00:33:51,576 - IB Producer - INFO - AAPL subscription
2024-04-21 00:33:51,578 - IB Producer - INFO - NVDA subscription
2024-04-21 00:33:51,583 - IB Producer - INFO - BABA subscription
2024-04-21 00:33:56,211 - IB Producer - INFO - AAPL subscription
2024-04-21 00:33:56,215 - IB Producer - INFO - NVDA subscription
2024-04-21 00:33:56,220 - IB Producer - INFO - BABA subscription
2024-04-21 00:34:04,149 - IB Producer - INFO - AAPL subscription
2024-04-21 00:34:04,152 - IB Producer - INFO - NVDA subscription
2024-04-21 00:34:04,157 - IB Producer - INFO - BABA subscription
2024-04-21 00:34:18,341 - IB Producer - INFO - AAPL subscription
2024-04-21 00:34:18,345 - IB Producer - INFO - NVDA subscription
2024-04-21 00:34:18,351 - IB Producer - INFO - BABA subscription
2024-04-21 00:34:45,326 - IB Producer - INFO - AAPL subscription
2024-04-21 00:34:45,329 - IB Producer - INFO - NVDA subscription
2024-04-21 00:34:45,335 - IB Producer - INFO - BABA subscription
2024-04-21 00:35:37,945 - IB Producer - INFO - AAPL subscription
2024-04-21 00:35:37,951 - IB Producer - INFO - NVDA subscription
2024-04-21 00:35:37,957 - IB Producer - INFO - BABA subscription
2024-04-21 00:36:39,354 - IB Producer - INFO - AAPL subscription
2024-04-21 00:36:39,358 - IB Producer - INFO - NVDA subscription
2024-04-21 00:36:39,363 - IB Producer - INFO - BABA subscription
2024-04-21 00:37:40,777 - IB Producer - INFO - AAPL subscription
2024-04-21 00:37:40,781 - IB Producer - INFO - NVDA subscription
2024-04-21 00:37:40,786 - IB Producer - INFO - BABA subscription
2024-04-21 00:38:42,209 - IB Producer - INFO - AAPL subscription
2024-04-21 00:38:42,213 - IB Producer - INFO - NVDA subscription
2024-04-21 00:38:42,217 - IB Producer - INFO - BABA subscription
2024-04-21 00:39:43,639 - IB Producer - INFO - AAPL subscription
2024-04-21 00:39:43,643 - IB Producer - INFO - NVDA subscription
2024-04-21 00:39:43,647 - IB Producer - INFO - BABA subscription
2024-04-21 00:40:45,503 - IB Producer - INFO - AAPL subscription
2024-04-21 00:40:45,507 - IB Producer - INFO - NVDA subscription
2024-04-21 00:40:45,512 - IB Producer - INFO - BABA subscription
2024-04-21 00:41:46,924 - IB Producer - INFO - AAPL subscription
2024-04-21 00:41:46,925 - IB Producer - INFO - NVDA subscription
2024-04-21 00:41:46,927 - IB Producer - INFO - BABA subscription
2024-04-21 00:42:48,277 - IB Producer - INFO - AAPL subscription
2024-04-21 00:42:48,281 - IB Producer - INFO - NVDA subscription
2024-04-21 00:42:48,287 - IB Producer - INFO - BABA subscription
2024-04-21 00:43:49,688 - IB Producer - INFO - AAPL subscription
2024-04-21 00:43:49,693 - IB Producer - INFO - NVDA subscription
2024-04-21 00:43:49,698 - IB Producer - INFO - BABA subscription
2024-04-21 00:44:51,165 - IB Producer - INFO - AAPL subscription
2024-04-21 00:44:51,173 - IB Producer - INFO - NVDA subscription
2024-04-21 00:44:51,177 - IB Producer - INFO - BABA subscription
2024-04-21 00:45:52,574 - IB Producer - INFO - AAPL subscription
2024-04-21 00:45:52,581 - IB Producer - INFO - NVDA subscription
2024-04-21 00:45:52,587 - IB Producer - INFO - BABA subscription
2024-04-21 00:46:53,983 - IB Producer - INFO - AAPL subscription
2024-04-21 00:46:53,988 - IB Producer - INFO - NVDA subscription
2024-04-21 00:46:53,993 - IB Producer - INFO - BABA subscription
2024-04-21 00:47:55,392 - IB Producer - INFO - AAPL subscription
2024-04-21 00:47:55,394 - IB Producer - INFO - NVDA subscription
2024-04-21 00:47:55,402 - IB Producer - INFO - BABA subscription
2024-04-21 00:48:56,821 - IB Producer - INFO - AAPL subscription
2024-04-21 00:48:56,823 - IB Producer - INFO - NVDA subscription
2024-04-21 00:48:56,829 - IB Producer - INFO - BABA subscription
2024-04-21 00:49:58,256 - IB Producer - INFO - AAPL subscription
2024-04-21 00:49:58,261 - IB Producer - INFO - NVDA subscription
2024-04-21 00:49:58,266 - IB Producer - INFO - BABA subscription
2024-04-21 00:50:59,669 - IB Producer - INFO - AAPL subscription
2024-04-21 00:50:59,674 - IB Producer - INFO - NVDA subscription
2024-04-21 00:50:59,678 - IB Producer - INFO - BABA subscription
2024-04-21 00:52:01,122 - IB Producer - INFO - AAPL subscription
2024-04-21 00:52:01,126 - IB Producer - INFO - NVDA subscription
2024-04-21 00:52:01,132 - IB Producer - INFO - BABA subscription
2024-04-21 00:53:02,604 - IB Producer - INFO - AAPL subscription
2024-04-21 00:53:02,607 - IB Producer - INFO - NVDA subscription
2024-04-21 00:53:02,614 - IB Producer - INFO - BABA subscription
2024-04-21 00:54:04,024 - IB Producer - INFO - AAPL subscription
2024-04-21 00:54:04,028 - IB Producer - INFO - NVDA subscription
2024-04-21 00:54:04,033 - IB Producer - INFO - BABA subscription
2024-04-21 00:55:05,446 - IB Producer - INFO - AAPL subscription
2024-04-21 00:55:05,452 - IB Producer - INFO - NVDA subscription
2024-04-21 00:55:05,457 - IB Producer - INFO - BABA subscription
2024-04-21 00:56:06,917 - IB Producer - INFO - AAPL subscription
2024-04-21 00:56:06,919 - IB Producer - INFO - NVDA subscription
2024-04-21 00:56:06,921 - IB Producer - INFO - BABA subscription
2024-04-21 00:57:08,364 - IB Producer - INFO - AAPL subscription
2024-04-21 00:57:08,368 - IB Producer - INFO - NVDA subscription
2024-04-21 00:57:08,374 - IB Producer - INFO - BABA subscription
2024-04-21 00:58:09,899 - IB Producer - INFO - AAPL subscription
2024-04-21 00:58:09,905 - IB Producer - INFO - NVDA subscription
2024-04-21 00:58:09,912 - IB Producer - INFO - BABA subscription
2024-04-21 00:59:11,515 - IB Producer - INFO - AAPL subscription
2024-04-21 00:59:11,519 - IB Producer - INFO - NVDA subscription
2024-04-21 00:59:11,524 - IB Producer - INFO - BABA subscription
2024-04-21 01:00:13,086 - IB Producer - INFO - AAPL subscription
2024-04-21 01:00:13,089 - IB Producer - INFO - NVDA subscription
2024-04-21 01:00:13,093 - IB Producer - INFO - BABA subscription
2024-04-21 01:01:14,483 - IB Producer - INFO - AAPL subscription
2024-04-21 01:01:14,487 - IB Producer - INFO - NVDA subscription
2024-04-21 01:01:14,490 - IB Producer - INFO - BABA subscription
2024-04-21 01:02:15,892 - IB Producer - INFO - AAPL subscription
2024-04-21 01:02:15,897 - IB Producer - INFO - NVDA subscription
2024-04-21 01:02:15,903 - IB Producer - INFO - BABA subscription
2024-04-21 01:03:17,327 - IB Producer - INFO - AAPL subscription
2024-04-21 01:03:17,331 - IB Producer - INFO - NVDA subscription
2024-04-21 01:03:17,338 - IB Producer - INFO - BABA subscription
2024-04-21 01:04:18,728 - IB Producer - INFO - AAPL subscription
2024-04-21 01:04:18,733 - IB Producer - INFO - NVDA subscription
2024-04-21 01:04:18,738 - IB Producer - INFO - BABA subscription
2024-04-21 01:05:20,142 - IB Producer - INFO - AAPL subscription
2024-04-21 01:05:20,146 - IB Producer - INFO - NVDA subscription
2024-04-21 01:05:20,151 - IB Producer - INFO - BABA subscription
2024-04-21 01:06:21,541 - IB Producer - INFO - AAPL subscription
2024-04-21 01:06:21,549 - IB Producer - INFO - NVDA subscription
2024-04-21 01:06:21,556 - IB Producer - INFO - BABA subscription
2024-04-21 01:07:22,972 - IB Producer - INFO - AAPL subscription
2024-04-21 01:07:22,977 - IB Producer - INFO - NVDA subscription
2024-04-21 01:07:22,984 - IB Producer - INFO - BABA subscription
2024-04-21 01:08:24,402 - IB Producer - INFO - AAPL subscription
2024-04-21 01:08:24,408 - IB Producer - INFO - NVDA subscription
2024-04-21 01:08:24,414 - IB Producer - INFO - BABA subscription
2024-04-21 01:09:25,837 - IB Producer - INFO - AAPL subscription
2024-04-21 01:09:25,843 - IB Producer - INFO - NVDA subscription
2024-04-21 01:09:25,850 - IB Producer - INFO - BABA subscription
2024-04-21 01:10:27,263 - IB Producer - INFO - AAPL subscription
2024-04-21 01:10:27,267 - IB Producer - INFO - NVDA subscription
2024-04-21 01:10:27,273 - IB Producer - INFO - BABA subscription
2024-04-21 01:11:28,668 - IB Producer - INFO - AAPL subscription
2024-04-21 01:11:28,674 - IB Producer - INFO - NVDA subscription
2024-04-21 01:11:28,679 - IB Producer - INFO - BABA subscription
2024-04-21 01:12:30,099 - IB Producer - INFO - AAPL subscription
2024-04-21 01:12:30,102 - IB Producer - INFO - NVDA subscription
2024-04-21 01:12:30,110 - IB Producer - INFO - BABA subscription
2024-04-21 01:13:31,532 - IB Producer - INFO - AAPL subscription
2024-04-21 01:13:31,536 - IB Producer - INFO - NVDA subscription
2024-04-21 01:13:31,542 - IB Producer - INFO - BABA subscription
2024-04-21 01:14:32,975 - IB Producer - INFO - AAPL subscription
2024-04-21 01:14:32,979 - IB Producer - INFO - NVDA subscription
2024-04-21 01:14:32,985 - IB Producer - INFO - BABA subscription
2024-04-21 01:15:34,376 - IB Producer - INFO - AAPL subscription
2024-04-21 01:15:34,379 - IB Producer - INFO - NVDA subscription
2024-04-21 01:15:34,390 - IB Producer - INFO - BABA subscription
2024-04-21 01:16:35,803 - IB Producer - INFO - AAPL subscription
2024-04-21 01:16:35,806 - IB Producer - INFO - NVDA subscription
2024-04-21 01:16:35,811 - IB Producer - INFO - BABA subscription
2024-04-21 01:17:37,218 - IB Producer - INFO - AAPL subscription
2024-04-21 01:17:37,222 - IB Producer - INFO - NVDA subscription
2024-04-21 01:17:37,227 - IB Producer - INFO - BABA subscription
2024-04-21 01:18:38,652 - IB Producer - INFO - AAPL subscription
2024-04-21 01:18:38,656 - IB Producer - INFO - NVDA subscription
2024-04-21 01:18:38,662 - IB Producer - INFO - BABA subscription
2024-04-21 01:19:40,084 - IB Producer - INFO - AAPL subscription
2024-04-21 01:19:40,087 - IB Producer - INFO - NVDA subscription
2024-04-21 01:19:40,092 - IB Producer - INFO - BABA subscription
2024-04-21 01:20:41,500 - IB Producer - INFO - AAPL subscription
2024-04-21 01:20:41,508 - IB Producer - INFO - NVDA subscription
2024-04-21 01:20:41,514 - IB Producer - INFO - BABA subscription
2024-04-21 01:21:43,003 - IB Producer - INFO - AAPL subscription
2024-04-21 01:21:43,008 - IB Producer - INFO - NVDA subscription
2024-04-21 01:21:43,014 - IB Producer - INFO - BABA subscription
2024-04-21 01:22:44,488 - IB Producer - INFO - AAPL subscription
2024-04-21 01:22:44,495 - IB Producer - INFO - NVDA subscription
2024-04-21 01:22:44,499 - IB Producer - INFO - BABA subscription
2024-04-21 01:23:45,965 - IB Producer - INFO - AAPL subscription
2024-04-21 01:23:45,969 - IB Producer - INFO - NVDA subscription
2024-04-21 01:23:45,973 - IB Producer - INFO - BABA subscription
2024-04-21 01:24:47,423 - IB Producer - INFO - AAPL subscription
2024-04-21 01:24:47,427 - IB Producer - INFO - NVDA subscription
2024-04-21 01:24:47,433 - IB Producer - INFO - BABA subscription
2024-04-21 01:25:48,925 - IB Producer - INFO - AAPL subscription
2024-04-21 01:25:48,930 - IB Producer - INFO - NVDA subscription
2024-04-21 01:25:48,939 - IB Producer - INFO - BABA subscription
2024-04-21 01:26:50,392 - IB Producer - INFO - AAPL subscription
2024-04-21 01:26:50,398 - IB Producer - INFO - NVDA subscription
2024-04-21 01:26:50,402 - IB Producer - INFO - BABA subscription
2024-04-21 01:27:51,844 - IB Producer - INFO - AAPL subscription
2024-04-21 01:27:51,899 - IB Producer - INFO - NVDA subscription
2024-04-21 01:27:51,960 - IB Producer - INFO - BABA subscription
2024-04-21 01:28:53,459 - IB Producer - INFO - AAPL subscription
2024-04-21 01:28:53,463 - IB Producer - INFO - NVDA subscription
2024-04-21 01:28:53,468 - IB Producer - INFO - BABA subscription
2024-04-21 01:29:54,917 - IB Producer - INFO - AAPL subscription
2024-04-21 01:29:54,922 - IB Producer - INFO - NVDA subscription
2024-04-21 01:29:54,927 - IB Producer - INFO - BABA subscription
2024-04-21 01:30:56,403 - IB Producer - INFO - AAPL subscription
2024-04-21 01:30:56,409 - IB Producer - INFO - NVDA subscription
2024-04-21 01:30:56,418 - IB Producer - INFO - BABA subscription
2024-04-21 01:31:57,872 - IB Producer - INFO - AAPL subscription
2024-04-21 01:31:57,878 - IB Producer - INFO - NVDA subscription
2024-04-21 01:31:57,885 - IB Producer - INFO - BABA subscription
2024-04-21 01:32:59,395 - IB Producer - INFO - AAPL subscription
2024-04-21 01:32:59,403 - IB Producer - INFO - NVDA subscription
2024-04-21 01:32:59,407 - IB Producer - INFO - BABA subscription
2024-04-21 01:34:00,829 - IB Producer - INFO - AAPL subscription
2024-04-21 01:34:00,836 - IB Producer - INFO - NVDA subscription
2024-04-21 01:34:00,844 - IB Producer - INFO - BABA subscription
2024-04-21 01:35:02,335 - IB Producer - INFO - AAPL subscription
2024-04-21 01:35:02,338 - IB Producer - INFO - NVDA subscription
2024-04-21 01:35:02,348 - IB Producer - INFO - BABA subscription
2024-04-21 01:36:03,850 - IB Producer - INFO - AAPL subscription
2024-04-21 01:36:03,853 - IB Producer - INFO - NVDA subscription
2024-04-21 01:36:03,861 - IB Producer - INFO - BABA subscription
2024-04-21 01:37:05,262 - IB Producer - INFO - AAPL subscription
2024-04-21 01:37:05,268 - IB Producer - INFO - NVDA subscription
2024-04-21 01:37:05,275 - IB Producer - INFO - BABA subscription
2024-04-21 01:38:06,755 - IB Producer - INFO - AAPL subscription
2024-04-21 01:38:06,759 - IB Producer - INFO - NVDA subscription
2024-04-21 01:38:06,769 - IB Producer - INFO - BABA subscription
2024-04-21 01:39:08,277 - IB Producer - INFO - AAPL subscription
2024-04-21 01:39:08,282 - IB Producer - INFO - NVDA subscription
2024-04-21 01:39:08,288 - IB Producer - INFO - BABA subscription
2024-04-21 01:40:09,847 - IB Producer - INFO - AAPL subscription
2024-04-21 01:40:09,851 - IB Producer - INFO - NVDA subscription
2024-04-21 01:40:09,857 - IB Producer - INFO - BABA subscription
2024-04-21 01:41:11,424 - IB Producer - INFO - AAPL subscription
2024-04-21 01:41:11,429 - IB Producer - INFO - NVDA subscription
2024-04-21 01:41:11,436 - IB Producer - INFO - BABA subscription
2024-04-21 01:42:13,057 - IB Producer - INFO - AAPL subscription
2024-04-21 01:42:13,062 - IB Producer - INFO - NVDA subscription
2024-04-21 01:42:13,069 - IB Producer - INFO - BABA subscription
2024-04-21 01:43:14,570 - IB Producer - INFO - AAPL subscription
2024-04-21 01:43:14,574 - IB Producer - INFO - NVDA subscription
2024-04-21 01:43:14,581 - IB Producer - INFO - BABA subscription
2024-04-21 01:44:16,101 - IB Producer - INFO - AAPL subscription
2024-04-21 01:44:16,105 - IB Producer - INFO - NVDA subscription
2024-04-21 01:44:16,110 - IB Producer - INFO - BABA subscription
2024-04-21 01:45:17,531 - IB Producer - INFO - AAPL subscription
2024-04-21 01:45:17,536 - IB Producer - INFO - NVDA subscription
2024-04-21 01:45:17,543 - IB Producer - INFO - BABA subscription
2024-04-21 01:46:18,949 - IB Producer - INFO - AAPL subscription
2024-04-21 01:46:18,954 - IB Producer - INFO - NVDA subscription
2024-04-21 01:46:18,961 - IB Producer - INFO - BABA subscription
2024-04-21 01:47:20,379 - IB Producer - INFO - AAPL subscription
2024-04-21 01:47:20,383 - IB Producer - INFO - NVDA subscription
2024-04-21 01:47:20,390 - IB Producer - INFO - BABA subscription
2024-04-21 01:48:21,838 - IB Producer - INFO - AAPL subscription
2024-04-21 01:48:21,844 - IB Producer - INFO - NVDA subscription
2024-04-21 01:48:21,847 - IB Producer - INFO - BABA subscription
2024-04-21 01:49:23,194 - IB Producer - INFO - AAPL subscription
2024-04-21 01:49:23,202 - IB Producer - INFO - NVDA subscription
2024-04-21 01:49:23,209 - IB Producer - INFO - BABA subscription
2024-04-21 01:50:24,597 - IB Producer - INFO - AAPL subscription
2024-04-21 01:50:24,605 - IB Producer - INFO - NVDA subscription
2024-04-21 01:50:24,611 - IB Producer - INFO - BABA subscription
2024-04-21 01:51:25,996 - IB Producer - INFO - AAPL subscription
2024-04-21 01:51:26,002 - IB Producer - INFO - NVDA subscription
2024-04-21 01:51:26,008 - IB Producer - INFO - BABA subscription
2024-04-21 01:52:27,409 - IB Producer - INFO - AAPL subscription
2024-04-21 01:52:27,417 - IB Producer - INFO - NVDA subscription
2024-04-21 01:52:27,423 - IB Producer - INFO - BABA subscription
2024-04-21 01:53:28,827 - IB Producer - INFO - AAPL subscription
2024-04-21 01:53:28,832 - IB Producer - INFO - NVDA subscription
2024-04-21 01:53:28,838 - IB Producer - INFO - BABA subscription
2024-04-21 01:54:30,328 - IB Producer - INFO - AAPL subscription
2024-04-21 01:54:30,332 - IB Producer - INFO - NVDA subscription
2024-04-21 01:54:30,337 - IB Producer - INFO - BABA subscription
2024-04-21 01:55:31,743 - IB Producer - INFO - AAPL subscription
2024-04-21 01:55:31,747 - IB Producer - INFO - NVDA subscription
2024-04-21 01:55:31,754 - IB Producer - INFO - BABA subscription
2024-04-21 01:56:33,143 - IB Producer - INFO - AAPL subscription
2024-04-21 01:56:33,148 - IB Producer - INFO - NVDA subscription
2024-04-21 01:56:33,153 - IB Producer - INFO - BABA subscription
2024-04-21 01:57:34,542 - IB Producer - INFO - AAPL subscription
2024-04-21 01:57:34,547 - IB Producer - INFO - NVDA subscription
2024-04-21 01:57:34,553 - IB Producer - INFO - BABA subscription
2024-04-21 01:58:35,952 - IB Producer - INFO - AAPL subscription
2024-04-21 01:58:35,957 - IB Producer - INFO - NVDA subscription
2024-04-21 01:58:35,964 - IB Producer - INFO - BABA subscription
2024-04-21 01:59:37,365 - IB Producer - INFO - AAPL subscription
2024-04-21 01:59:37,372 - IB Producer - INFO - NVDA subscription
2024-04-21 01:59:37,376 - IB Producer - INFO - BABA subscription
2024-04-21 02:00:38,786 - IB Producer - INFO - AAPL subscription
2024-04-21 02:00:38,790 - IB Producer - INFO - NVDA subscription
2024-04-21 02:00:38,795 - IB Producer - INFO - BABA subscription
2024-04-21 02:01:40,215 - IB Producer - INFO - AAPL subscription
2024-04-21 02:01:40,219 - IB Producer - INFO - NVDA subscription
2024-04-21 02:01:40,222 - IB Producer - INFO - BABA subscription
2024-04-21 02:02:41,612 - IB Producer - INFO - AAPL subscription
2024-04-21 02:02:41,616 - IB Producer - INFO - NVDA subscription
2024-04-21 02:02:41,622 - IB Producer - INFO - BABA subscription
2024-04-21 02:03:43,031 - IB Producer - INFO - AAPL subscription
2024-04-21 02:03:43,036 - IB Producer - INFO - NVDA subscription
2024-04-21 02:03:43,040 - IB Producer - INFO - BABA subscription
2024-04-21 02:04:46,481 - IB Producer - INFO - AAPL subscription
2024-04-21 02:04:46,492 - IB Producer - INFO - NVDA subscription
2024-04-21 02:04:46,496 - IB Producer - INFO - BABA subscription
2024-04-21 02:22:04,118 - IB Producer - INFO - AAPL subscription
2024-04-21 02:22:04,120 - IB Producer - INFO - NVDA subscription
2024-04-21 02:22:04,125 - IB Producer - INFO - BABA subscription
2024-04-21 02:23:05,515 - IB Producer - INFO - AAPL subscription
2024-04-21 02:23:05,518 - IB Producer - INFO - NVDA subscription
2024-04-21 02:23:05,524 - IB Producer - INFO - BABA subscription
2024-04-21 02:24:06,928 - IB Producer - INFO - AAPL subscription
2024-04-21 02:24:06,932 - IB Producer - INFO - NVDA subscription
2024-04-21 02:24:06,938 - IB Producer - INFO - BABA subscription
2024-04-21 02:25:08,332 - IB Producer - INFO - AAPL subscription
2024-04-21 02:25:08,335 - IB Producer - INFO - NVDA subscription
2024-04-21 02:25:08,339 - IB Producer - INFO - BABA subscription
2024-04-21 02:26:09,722 - IB Producer - INFO - AAPL subscription
2024-04-21 02:26:09,727 - IB Producer - INFO - NVDA subscription
2024-04-21 02:26:09,731 - IB Producer - INFO - BABA subscription
2024-04-21 02:27:11,145 - IB Producer - INFO - AAPL subscription
2024-04-21 02:27:11,151 - IB Producer - INFO - NVDA subscription
2024-04-21 02:27:11,156 - IB Producer - INFO - BABA subscription
2024-04-21 02:28:12,552 - IB Producer - INFO - AAPL subscription
2024-04-21 02:28:12,555 - IB Producer - INFO - NVDA subscription
2024-04-21 02:28:12,560 - IB Producer - INFO - BABA subscription
2024-04-21 02:29:13,940 - IB Producer - INFO - AAPL subscription
2024-04-21 02:29:13,945 - IB Producer - INFO - NVDA subscription
2024-04-21 02:29:13,951 - IB Producer - INFO - BABA subscription
2024-04-21 02:30:15,335 - IB Producer - INFO - AAPL subscription
2024-04-21 02:30:15,338 - IB Producer - INFO - NVDA subscription
2024-04-21 02:30:15,345 - IB Producer - INFO - BABA subscription
2024-04-21 02:31:16,734 - IB Producer - INFO - AAPL subscription
2024-04-21 02:31:16,738 - IB Producer - INFO - NVDA subscription
2024-04-21 02:31:16,744 - IB Producer - INFO - BABA subscription
2024-04-21 02:32:18,150 - IB Producer - INFO - AAPL subscription
2024-04-21 02:32:18,153 - IB Producer - INFO - NVDA subscription
2024-04-21 02:32:18,160 - IB Producer - INFO - BABA subscription
2024-04-21 02:33:19,542 - IB Producer - INFO - AAPL subscription
2024-04-21 02:33:19,546 - IB Producer - INFO - NVDA subscription
2024-04-21 02:33:19,550 - IB Producer - INFO - BABA subscription
2024-04-21 02:34:20,949 - IB Producer - INFO - AAPL subscription
2024-04-21 02:34:20,958 - IB Producer - INFO - NVDA subscription
2024-04-21 02:34:20,963 - IB Producer - INFO - BABA subscription
2024-04-21 02:35:22,349 - IB Producer - INFO - AAPL subscription
2024-04-21 02:35:22,352 - IB Producer - INFO - NVDA subscription
2024-04-21 02:35:22,357 - IB Producer - INFO - BABA subscription
2024-04-21 02:36:23,776 - IB Producer - INFO - AAPL subscription
2024-04-21 02:36:23,780 - IB Producer - INFO - NVDA subscription
2024-04-21 02:36:23,786 - IB Producer - INFO - BABA subscription
2024-04-21 03:03:06,017 - IB Producer - INFO - AAPL subscription
2024-04-21 03:03:06,021 - IB Producer - INFO - NVDA subscription
2024-04-21 03:03:06,026 - IB Producer - INFO - BABA subscription
2024-04-21 03:03:07,570 - IB Producer - INFO - AAPL subscription
2024-04-21 03:03:07,575 - IB Producer - INFO - NVDA subscription
2024-04-21 03:03:07,580 - IB Producer - INFO - BABA subscription
2024-04-21 03:03:09,346 - IB Producer - INFO - AAPL subscription
2024-04-21 03:03:09,350 - IB Producer - INFO - NVDA subscription
2024-04-21 03:03:09,353 - IB Producer - INFO - BABA subscription
2024-04-21 03:03:11,569 - IB Producer - INFO - AAPL subscription
2024-04-21 03:03:11,573 - IB Producer - INFO - NVDA subscription
2024-04-21 03:03:11,579 - IB Producer - INFO - BABA subscription
2024-04-21 03:03:14,622 - IB Producer - INFO - AAPL subscription
2024-04-21 03:03:14,625 - IB Producer - INFO - NVDA subscription
2024-04-21 03:03:14,631 - IB Producer - INFO - BABA subscription
2024-04-21 03:03:19,220 - IB Producer - INFO - AAPL subscription
2024-04-21 03:03:19,222 - IB Producer - INFO - NVDA subscription
2024-04-21 03:03:19,228 - IB Producer - INFO - BABA subscription
2024-04-21 03:03:27,012 - IB Producer - INFO - AAPL subscription
2024-04-21 03:03:27,015 - IB Producer - INFO - NVDA subscription
2024-04-21 03:03:27,021 - IB Producer - INFO - BABA subscription
2024-04-21 03:03:41,234 - IB Producer - INFO - AAPL subscription
2024-04-21 03:03:41,238 - IB Producer - INFO - NVDA subscription
2024-04-21 03:03:41,244 - IB Producer - INFO - BABA subscription
2024-04-21 03:19:20,704 - IB Producer - INFO - AAPL subscription
2024-04-21 03:19:20,706 - IB Producer - INFO - NVDA subscription
2024-04-21 03:19:20,710 - IB Producer - INFO - BABA subscription
2024-04-21 03:19:22,160 - IB Producer - INFO - AAPL subscription
2024-04-21 03:19:22,163 - IB Producer - INFO - NVDA subscription
2024-04-21 03:19:22,169 - IB Producer - INFO - BABA subscription
2024-04-21 03:19:23,708 - IB Producer - INFO - AAPL subscription
2024-04-21 03:19:23,711 - IB Producer - INFO - NVDA subscription
2024-04-21 03:19:23,719 - IB Producer - INFO - BABA subscription
2024-04-21 03:19:25,500 - IB Producer - INFO - AAPL subscription
2024-04-21 03:19:25,506 - IB Producer - INFO - NVDA subscription
2024-04-21 03:19:25,509 - IB Producer - INFO - BABA subscription
2024-04-21 03:19:27,697 - IB Producer - INFO - AAPL subscription
2024-04-21 03:19:27,701 - IB Producer - INFO - NVDA subscription
2024-04-21 03:19:27,707 - IB Producer - INFO - BABA subscription
2024-04-21 03:19:30,687 - IB Producer - INFO - AAPL subscription
2024-04-21 03:19:30,691 - IB Producer - INFO - NVDA subscription
2024-04-21 03:19:30,696 - IB Producer - INFO - BABA subscription
2024-04-21 03:19:35,330 - IB Producer - INFO - AAPL subscription
2024-04-21 03:19:35,333 - IB Producer - INFO - NVDA subscription
2024-04-21 03:19:35,340 - IB Producer - INFO - BABA subscription
2024-04-21 03:19:43,128 - IB Producer - INFO - AAPL subscription
2024-04-21 03:19:43,130 - IB Producer - INFO - NVDA subscription
2024-04-21 03:19:43,134 - IB Producer - INFO - BABA subscription
2024-04-21 03:19:57,293 - IB Producer - INFO - AAPL subscription
2024-04-21 03:19:57,298 - IB Producer - INFO - NVDA subscription
2024-04-21 03:19:57,301 - IB Producer - INFO - BABA subscription
2024-04-21 03:36:46,473 - IB Producer - INFO - AAPL subscription
2024-04-21 03:36:46,476 - IB Producer - INFO - NVDA subscription
2024-04-21 03:36:46,483 - IB Producer - INFO - BABA subscription
2024-04-21 03:37:39,093 - IB Producer - INFO - AAPL subscription
2024-04-21 03:37:39,096 - IB Producer - INFO - NVDA subscription
2024-04-21 03:37:39,104 - IB Producer - INFO - BABA subscription
2024-04-21 03:46:47,224 - IB Producer - INFO - AAPL subscription
2024-04-21 03:46:47,228 - IB Producer - INFO - NVDA subscription
2024-04-21 03:46:47,232 - IB Producer - INFO - BABA subscription
2024-04-21 03:47:48,670 - IB Producer - INFO - AAPL subscription
2024-04-21 03:47:48,674 - IB Producer - INFO - NVDA subscription
2024-04-21 03:47:48,681 - IB Producer - INFO - BABA subscription
2024-04-21 04:04:06,408 - IB Producer - INFO - AAPL subscription
2024-04-21 04:04:06,411 - IB Producer - INFO - NVDA subscription
2024-04-21 04:04:06,415 - IB Producer - INFO - BABA subscription
2024-04-21 04:04:07,873 - IB Producer - INFO - AAPL subscription
2024-04-21 04:04:07,877 - IB Producer - INFO - NVDA subscription
2024-04-21 04:04:07,884 - IB Producer - INFO - BABA subscription
2024-04-21 04:04:09,468 - IB Producer - INFO - AAPL subscription
2024-04-21 04:04:09,471 - IB Producer - INFO - NVDA subscription
2024-04-21 04:04:09,475 - IB Producer - INFO - BABA subscription
2024-04-21 04:04:11,249 - IB Producer - INFO - AAPL subscription
2024-04-21 04:04:11,251 - IB Producer - INFO - NVDA subscription
2024-04-21 04:04:11,256 - IB Producer - INFO - BABA subscription
2024-04-21 04:04:13,592 - IB Producer - INFO - AAPL subscription
2024-04-21 04:04:13,595 - IB Producer - INFO - NVDA subscription
2024-04-21 04:04:13,599 - IB Producer - INFO - BABA subscription
2024-04-21 04:04:16,607 - IB Producer - INFO - AAPL subscription
2024-04-21 04:04:16,611 - IB Producer - INFO - NVDA subscription
2024-04-21 04:04:16,616 - IB Producer - INFO - BABA subscription
2024-04-21 04:04:21,209 - IB Producer - INFO - AAPL subscription
2024-04-21 04:04:21,213 - IB Producer - INFO - NVDA subscription
2024-04-21 04:04:21,217 - IB Producer - INFO - BABA subscription
2024-04-21 04:04:28,995 - IB Producer - INFO - AAPL subscription
2024-04-21 04:04:28,997 - IB Producer - INFO - NVDA subscription
2024-04-21 04:04:29,002 - IB Producer - INFO - BABA subscription
2024-04-21 04:04:43,198 - IB Producer - INFO - AAPL subscription
2024-04-21 04:04:43,202 - IB Producer - INFO - NVDA subscription
2024-04-21 04:04:43,207 - IB Producer - INFO - BABA subscription
2024-04-21 04:20:47,687 - IB Producer - INFO - AAPL subscription
2024-04-21 04:20:47,689 - IB Producer - INFO - NVDA subscription
2024-04-21 04:20:47,694 - IB Producer - INFO - BABA subscription
2024-04-21 04:36:55,299 - IB Producer - INFO - AAPL subscription
2024-04-21 04:36:55,303 - IB Producer - INFO - NVDA subscription
2024-04-21 04:36:55,307 - IB Producer - INFO - BABA subscription
2024-04-21 04:53:17,406 - IB Producer - INFO - AAPL subscription
2024-04-21 04:53:17,412 - IB Producer - INFO - NVDA subscription
2024-04-21 04:53:17,418 - IB Producer - INFO - BABA subscription
2024-04-21 05:10:09,405 - IB Producer - INFO - AAPL subscription
2024-04-21 05:10:09,409 - IB Producer - INFO - NVDA subscription
2024-04-21 05:10:09,412 - IB Producer - INFO - BABA subscription
2024-04-21 05:11:10,815 - IB Producer - INFO - AAPL subscription
2024-04-21 05:11:10,821 - IB Producer - INFO - NVDA subscription
2024-04-21 05:11:10,827 - IB Producer - INFO - BABA subscription
2024-04-21 05:44:01,756 - IB Producer - INFO - AAPL subscription
2024-04-21 05:44:01,762 - IB Producer - INFO - NVDA subscription
2024-04-21 05:44:01,766 - IB Producer - INFO - BABA subscription
2024-04-21 05:45:03,166 - IB Producer - INFO - AAPL subscription
2024-04-21 05:45:03,169 - IB Producer - INFO - NVDA subscription
2024-04-21 05:45:03,175 - IB Producer - INFO - BABA subscription
2024-04-21 05:46:04,595 - IB Producer - INFO - AAPL subscription
2024-04-21 05:46:04,599 - IB Producer - INFO - NVDA subscription
2024-04-21 05:46:04,604 - IB Producer - INFO - BABA subscription
2024-04-21 05:47:06,003 - IB Producer - INFO - AAPL subscription
2024-04-21 05:47:06,006 - IB Producer - INFO - NVDA subscription
2024-04-21 05:47:06,010 - IB Producer - INFO - BABA subscription
2024-04-21 06:20:04,420 - IB Producer - INFO - AAPL subscription
2024-04-21 06:20:04,426 - IB Producer - INFO - NVDA subscription
2024-04-21 06:20:04,432 - IB Producer - INFO - BABA subscription
2024-04-21 06:37:09,162 - IB Producer - INFO - AAPL subscription
2024-04-21 06:37:09,168 - IB Producer - INFO - NVDA subscription
2024-04-21 06:37:09,172 - IB Producer - INFO - BABA subscription
2024-04-21 06:54:15,819 - IB Producer - INFO - AAPL subscription
2024-04-21 06:54:15,826 - IB Producer - INFO - NVDA subscription
2024-04-21 06:54:15,831 - IB Producer - INFO - BABA subscription
2024-04-21 07:11:36,271 - IB Producer - INFO - AAPL subscription
2024-04-21 07:11:36,275 - IB Producer - INFO - NVDA subscription
2024-04-21 07:11:36,280 - IB Producer - INFO - BABA subscription
2024-04-21 07:24:45,813 - IB Producer - INFO - AAPL subscription
2024-04-21 07:24:45,818 - IB Producer - INFO - NVDA subscription
2024-04-21 07:24:45,824 - IB Producer - INFO - BABA subscription
2024-04-21 07:42:30,136 - IB Producer - INFO - AAPL subscription
2024-04-21 07:42:30,139 - IB Producer - INFO - NVDA subscription
2024-04-21 07:42:30,145 - IB Producer - INFO - BABA subscription
2024-04-21 07:43:31,550 - IB Producer - INFO - AAPL subscription
2024-04-21 07:43:31,554 - IB Producer - INFO - NVDA subscription
2024-04-21 07:43:31,560 - IB Producer - INFO - BABA subscription
2024-04-21 07:44:32,935 - IB Producer - INFO - AAPL subscription
2024-04-21 07:44:32,939 - IB Producer - INFO - NVDA subscription
2024-04-21 07:44:32,945 - IB Producer - INFO - BABA subscription
2024-04-21 07:46:16,735 - IB Producer - INFO - AAPL subscription
2024-04-21 07:46:16,738 - IB Producer - INFO - NVDA subscription
2024-04-21 07:46:16,743 - IB Producer - INFO - BABA subscription
2024-04-21 07:47:18,198 - IB Producer - INFO - AAPL subscription
2024-04-21 07:47:18,203 - IB Producer - INFO - NVDA subscription
2024-04-21 07:47:18,210 - IB Producer - INFO - BABA subscription
2024-04-21 08:05:44,896 - IB Producer - INFO - AAPL subscription
2024-04-21 08:05:44,900 - IB Producer - INFO - NVDA subscription
2024-04-21 08:05:44,906 - IB Producer - INFO - BABA subscription
2024-04-21 08:22:06,636 - IB Producer - INFO - AAPL subscription
2024-04-21 08:22:06,640 - IB Producer - INFO - NVDA subscription
2024-04-21 08:22:06,646 - IB Producer - INFO - BABA subscription
2024-04-21 08:23:08,054 - IB Producer - INFO - AAPL subscription
2024-04-21 08:23:08,057 - IB Producer - INFO - NVDA subscription
2024-04-21 08:23:08,061 - IB Producer - INFO - BABA subscription
2024-04-21 08:40:25,135 - IB Producer - INFO - AAPL subscription
2024-04-21 08:40:25,139 - IB Producer - INFO - NVDA subscription
2024-04-21 08:40:25,146 - IB Producer - INFO - BABA subscription
2024-04-21 08:57:11,536 - IB Producer - INFO - AAPL subscription
2024-04-21 08:57:11,560 - IB Producer - INFO - NVDA subscription
2024-04-21 08:57:11,565 - IB Producer - INFO - BABA subscription
2024-04-21 09:01:04,618 - IB Producer - INFO - AAPL subscription
2024-04-21 09:01:04,622 - IB Producer - INFO - NVDA subscription
2024-04-21 09:01:04,628 - IB Producer - INFO - BABA subscription
2024-04-21 09:26:23,325 - IB Producer - INFO - AAPL subscription
2024-04-21 09:26:23,330 - IB Producer - INFO - NVDA subscription
2024-04-21 09:26:23,335 - IB Producer - INFO - BABA subscription
2024-04-21 09:37:16,892 - IB Producer - INFO - AAPL subscription
2024-04-21 09:37:16,897 - IB Producer - INFO - NVDA subscription
2024-04-21 09:37:16,902 - IB Producer - INFO - BABA subscription
2024-04-21 09:38:20,335 - IB Producer - INFO - AAPL subscription
2024-04-21 09:38:20,338 - IB Producer - INFO - NVDA subscription
2024-04-21 09:38:20,342 - IB Producer - INFO - BABA subscription
2024-04-21 09:39:44,198 - IB Producer - INFO - AAPL subscription
2024-04-21 09:39:44,203 - IB Producer - INFO - NVDA subscription
2024-04-21 09:39:44,208 - IB Producer - INFO - BABA subscription
2024-04-21 09:41:37,664 - IB Producer - INFO - AAPL subscription
2024-04-21 09:41:37,667 - IB Producer - INFO - NVDA subscription
2024-04-21 09:41:37,672 - IB Producer - INFO - BABA subscription
2024-04-21 09:42:39,087 - IB Producer - INFO - AAPL subscription
2024-04-21 09:42:39,090 - IB Producer - INFO - NVDA subscription
2024-04-21 09:42:39,096 - IB Producer - INFO - BABA subscription
2024-04-21 09:43:40,650 - IB Producer - INFO - AAPL subscription
2024-04-21 09:43:40,653 - IB Producer - INFO - NVDA subscription
2024-04-21 09:43:40,659 - IB Producer - INFO - BABA subscription
2024-04-21 09:58:01,566 - IB Producer - INFO - AAPL subscription
2024-04-21 09:58:01,570 - IB Producer - INFO - NVDA subscription
2024-04-21 09:58:01,576 - IB Producer - INFO - BABA subscription
2024-04-21 09:59:12,572 - IB Producer - INFO - AAPL subscription
2024-04-21 09:59:12,578 - IB Producer - INFO - NVDA subscription
2024-04-21 09:59:12,582 - IB Producer - INFO - BABA subscription
2024-04-21 09:59:14,067 - IB Producer - INFO - AAPL subscription
2024-04-21 09:59:14,070 - IB Producer - INFO - NVDA subscription
2024-04-21 09:59:14,075 - IB Producer - INFO - BABA subscription
2024-04-21 09:59:15,683 - IB Producer - INFO - AAPL subscription
2024-04-21 09:59:15,688 - IB Producer - INFO - NVDA subscription
2024-04-21 09:59:15,693 - IB Producer - INFO - BABA subscription
2024-04-21 09:59:17,476 - IB Producer - INFO - AAPL subscription
2024-04-21 09:59:17,481 - IB Producer - INFO - NVDA subscription
2024-04-21 09:59:17,490 - IB Producer - INFO - BABA subscription
2024-04-21 09:59:19,807 - IB Producer - INFO - AAPL subscription
2024-04-21 09:59:19,810 - IB Producer - INFO - NVDA subscription
2024-04-21 09:59:19,820 - IB Producer - INFO - BABA subscription
2024-04-21 09:59:22,885 - IB Producer - INFO - AAPL subscription
2024-04-21 09:59:22,888 - IB Producer - INFO - NVDA subscription
2024-04-21 09:59:22,893 - IB Producer - INFO - BABA subscription
2024-04-21 09:59:27,938 - IB Producer - INFO - AAPL subscription
2024-04-21 09:59:27,944 - IB Producer - INFO - NVDA subscription
2024-04-21 09:59:27,951 - IB Producer - INFO - BABA subscription
2024-04-21 09:59:35,840 - IB Producer - INFO - AAPL subscription
2024-04-21 09:59:35,843 - IB Producer - INFO - NVDA subscription
2024-04-21 09:59:35,851 - IB Producer - INFO - BABA subscription
2024-04-21 09:59:50,308 - IB Producer - INFO - AAPL subscription
2024-04-21 09:59:50,316 - IB Producer - INFO - NVDA subscription
2024-04-21 09:59:50,321 - IB Producer - INFO - BABA subscription
2024-04-21 10:00:17,371 - IB Producer - INFO - AAPL subscription
2024-04-21 10:00:17,375 - IB Producer - INFO - NVDA subscription
2024-04-21 10:00:17,380 - IB Producer - INFO - BABA subscription
2024-04-21 10:02:31,445 - IB Producer - INFO - AAPL subscription
2024-04-21 10:02:31,450 - IB Producer - INFO - NVDA subscription
2024-04-21 10:02:31,457 - IB Producer - INFO - BABA subscription
2024-04-21 10:02:32,954 - IB Producer - INFO - AAPL subscription
2024-04-21 10:02:32,961 - IB Producer - INFO - NVDA subscription
2024-04-21 10:02:32,975 - IB Producer - INFO - BABA subscription
2024-04-21 10:02:34,558 - IB Producer - INFO - AAPL subscription
2024-04-21 10:02:34,560 - IB Producer - INFO - NVDA subscription
2024-04-21 10:02:34,565 - IB Producer - INFO - BABA subscription
2024-04-21 10:02:36,342 - IB Producer - INFO - AAPL subscription
2024-04-21 10:02:36,346 - IB Producer - INFO - NVDA subscription
2024-04-21 10:02:36,350 - IB Producer - INFO - BABA subscription
2024-04-21 10:02:38,625 - IB Producer - INFO - AAPL subscription
2024-04-21 10:02:38,628 - IB Producer - INFO - NVDA subscription
2024-04-21 10:02:38,634 - IB Producer - INFO - BABA subscription
2024-04-21 10:02:41,659 - IB Producer - INFO - AAPL subscription
2024-04-21 10:02:41,662 - IB Producer - INFO - NVDA subscription
2024-04-21 10:02:41,666 - IB Producer - INFO - BABA subscription
2024-04-21 10:02:46,267 - IB Producer - INFO - AAPL subscription
2024-04-21 10:02:46,272 - IB Producer - INFO - NVDA subscription
2024-04-21 10:02:46,278 - IB Producer - INFO - BABA subscription
2024-04-21 10:02:54,212 - IB Producer - INFO - AAPL subscription
2024-04-21 10:02:54,214 - IB Producer - INFO - NVDA subscription
2024-04-21 10:02:54,216 - IB Producer - INFO - BABA subscription
2024-04-21 10:03:08,441 - IB Producer - INFO - AAPL subscription
2024-04-21 10:03:08,446 - IB Producer - INFO - NVDA subscription
2024-04-21 10:03:08,452 - IB Producer - INFO - BABA subscription
2024-04-21 10:03:35,572 - IB Producer - INFO - AAPL subscription
2024-04-21 10:03:35,575 - IB Producer - INFO - NVDA subscription
2024-04-21 10:03:35,580 - IB Producer - INFO - BABA subscription
2024-04-21 10:04:28,224 - IB Producer - INFO - AAPL subscription
2024-04-21 10:04:28,230 - IB Producer - INFO - NVDA subscription
2024-04-21 10:04:28,235 - IB Producer - INFO - BABA subscription
2024-04-21 10:05:29,749 - IB Producer - INFO - AAPL subscription
2024-04-21 10:05:29,753 - IB Producer - INFO - NVDA subscription
2024-04-21 10:05:29,760 - IB Producer - INFO - BABA subscription
2024-04-21 10:06:31,371 - IB Producer - INFO - AAPL subscription
2024-04-21 10:06:31,374 - IB Producer - INFO - NVDA subscription
2024-04-21 10:06:31,379 - IB Producer - INFO - BABA subscription
2024-04-21 10:07:32,944 - IB Producer - INFO - AAPL subscription
2024-04-21 10:07:32,949 - IB Producer - INFO - NVDA subscription
2024-04-21 10:07:32,955 - IB Producer - INFO - BABA subscription
2024-04-21 10:08:34,525 - IB Producer - INFO - AAPL subscription
2024-04-21 10:08:34,531 - IB Producer - INFO - NVDA subscription
2024-04-21 10:08:34,539 - IB Producer - INFO - BABA subscription
2024-04-21 10:15:04,807 - IB Producer - INFO - AAPL subscription
2024-04-21 10:15:04,810 - IB Producer - INFO - NVDA subscription
2024-04-21 10:15:04,816 - IB Producer - INFO - BABA subscription
2024-04-21 10:15:04,819 - IB Producer - INFO - KO subscription
2024-04-22 22:17:07,222 - IB Producer - INFO - AAPL subscription
2024-04-22 22:17:07,225 - IB Producer - INFO - NVDA subscription
2024-04-22 22:17:07,228 - IB Producer - INFO - BABA subscription
2024-04-22 22:17:07,233 - IB Producer - INFO - KO subscription
2024-06-11 22:37:24,725 - IB Producer - INFO - AAPL subscription
2024-06-11 22:37:26,313 - IB Producer - INFO - AAPL subscription
2024-06-11 22:37:27,909 - IB Producer - INFO - AAPL subscription
2024-06-11 22:37:29,683 - IB Producer - INFO - AAPL subscription
2024-06-11 22:37:31,955 - IB Producer - INFO - AAPL subscription
2024-06-11 22:37:34,953 - IB Producer - INFO - AAPL subscription
2024-06-11 22:37:39,552 - IB Producer - INFO - AAPL subscription
2024-06-11 22:37:47,345 - IB Producer - INFO - AAPL subscription
2024-06-11 22:38:01,553 - IB Producer - INFO - AAPL subscription
2024-06-11 22:38:10,209 - IB Producer - INFO - AAPL subscription
2024-06-11 22:38:11,733 - IB Producer - INFO - AAPL subscription
2024-06-11 22:38:13,315 - IB Producer - INFO - AAPL subscription
2024-06-11 22:38:15,062 - IB Producer - INFO - AAPL subscription
2024-06-11 22:38:17,198 - IB Producer - INFO - AAPL subscription
2024-06-11 22:38:20,154 - IB Producer - INFO - AAPL subscription
2024-06-11 22:38:24,698 - IB Producer - INFO - AAPL subscription
2024-06-11 22:38:32,485 - IB Producer - INFO - AAPL subscription
2024-06-11 22:38:42,025 - IB Producer - INFO - AAPL subscription
2024-06-11 22:38:43,512 - IB Producer - INFO - AAPL subscription
2024-06-11 22:38:45,118 - IB Producer - INFO - AAPL subscription
2024-06-11 22:38:46,855 - IB Producer - INFO - AAPL subscription
2024-06-11 22:38:49,026 - IB Producer - INFO - AAPL subscription
2024-06-11 22:38:51,960 - IB Producer - INFO - AAPL subscription
2024-06-11 22:38:56,513 - IB Producer - INFO - AAPL subscription
2024-06-11 22:39:04,256 - IB Producer - INFO - AAPL subscription
2024-06-11 22:39:35,283 - IB Producer - INFO - AAPL subscription
2024-06-11 22:39:36,964 - IB Producer - INFO - AAPL subscription
2024-06-11 22:39:38,631 - IB Producer - INFO - AAPL subscription
2024-06-11 22:39:40,414 - IB Producer - INFO - AAPL subscription
2024-06-11 22:39:42,579 - IB Producer - INFO - AAPL subscription
2024-06-11 22:39:45,544 - IB Producer - INFO - AAPL subscription
2024-06-11 22:39:50,095 - IB Producer - INFO - AAPL subscription
2024-06-11 22:39:57,837 - IB Producer - INFO - AAPL subscription
2024-06-11 22:40:12,027 - IB Producer - INFO - AAPL subscription
2024-06-11 22:40:38,967 - IB Producer - INFO - AAPL subscription
2024-06-11 22:41:31,519 - IB Producer - INFO - AAPL subscription
2024-06-11 22:42:12,319 - IB Producer - INFO - AAPL subscription
2024-06-11 22:42:13,876 - IB Producer - INFO - AAPL subscription
2024-06-11 22:42:15,486 - IB Producer - INFO - AAPL subscription
2024-06-11 22:42:17,244 - IB Producer - INFO - AAPL subscription
2024-06-11 22:42:19,373 - IB Producer - INFO - AAPL subscription
2024-06-11 22:42:22,350 - IB Producer - INFO - AAPL subscription
2024-06-11 22:42:26,916 - IB Producer - INFO - AAPL subscription
2024-06-11 22:42:34,692 - IB Producer - INFO - AAPL subscription
2024-06-11 22:42:48,866 - IB Producer - INFO - AAPL subscription
2024-06-11 22:43:15,809 - IB Producer - INFO - AAPL subscription
2024-06-11 22:44:08,361 - IB Producer - INFO - AAPL subscription
2024-06-11 22:44:57,168 - IB Producer - INFO - AAPL subscription
2024-06-11 22:44:58,748 - IB Producer - INFO - AAPL subscription
2024-06-11 22:45:00,382 - IB Producer - INFO - AAPL subscription
2024-06-11 22:45:02,148 - IB Producer - INFO - AAPL subscription
2024-06-11 22:45:04,315 - IB Producer - INFO - AAPL subscription
2024-06-11 22:45:07,270 - IB Producer - INFO - AAPL subscription
2024-06-11 22:45:11,823 - IB Producer - INFO - AAPL subscription
2024-06-11 22:45:19,570 - IB Producer - INFO - AAPL subscription
2024-06-11 22:45:33,714 - IB Producer - INFO - AAPL subscription
2024-06-11 22:46:00,656 - IB Producer - INFO - AAPL subscription
2024-06-11 22:46:49,044 - IB Producer - INFO - AAPL subscription
2024-06-11 22:46:50,745 - IB Producer - INFO - AAPL subscription
2024-06-11 22:46:52,417 - IB Producer - INFO - AAPL subscription
2024-06-11 22:46:54,298 - IB Producer - INFO - AAPL subscription
2024-06-11 22:46:56,430 - IB Producer - INFO - AAPL subscription
2024-06-11 22:46:59,360 - IB Producer - INFO - AAPL subscription
2024-06-11 22:47:03,878 - IB Producer - INFO - AAPL subscription
2024-06-11 22:47:11,638 - IB Producer - INFO - AAPL subscription
2024-06-11 22:47:25,765 - IB Producer - INFO - AAPL subscription
2024-06-11 22:47:52,722 - IB Producer - INFO - AAPL subscription
2024-06-11 22:48:45,259 - IB Producer - INFO - AAPL subscription
2024-06-11 22:49:28,127 - IB Producer - INFO - AAPL subscription
2024-06-11 22:49:29,722 - IB Producer - INFO - AAPL subscription
2024-06-11 22:49:31,426 - IB Producer - INFO - AAPL subscription
2024-06-11 22:49:33,200 - IB Producer - INFO - AAPL subscription
2024-06-11 22:49:35,354 - IB Producer - INFO - AAPL subscription
2024-06-11 22:49:38,286 - IB Producer - INFO - AAPL subscription
2024-06-11 22:49:42,824 - IB Producer - INFO - AAPL subscription
2024-06-11 22:49:50,578 - IB Producer - INFO - AAPL subscription
2024-06-11 22:50:04,721 - IB Producer - INFO - AAPL subscription
2024-06-11 22:50:31,658 - IB Producer - INFO - AAPL subscription
2024-06-11 22:51:25,189 - IB Producer - INFO - AAPL subscription
2024-06-11 22:51:26,877 - IB Producer - INFO - AAPL subscription
2024-06-11 22:51:28,556 - IB Producer - INFO - AAPL subscription
2024-06-11 22:51:30,407 - IB Producer - INFO - AAPL subscription
2024-06-11 22:51:32,540 - IB Producer - INFO - AAPL subscription
2024-06-11 22:51:35,454 - IB Producer - INFO - AAPL subscription
2024-06-11 22:51:39,993 - IB Producer - INFO - AAPL subscription
2024-06-11 22:51:47,759 - IB Producer - INFO - AAPL subscription
2024-06-11 22:52:01,912 - IB Producer - INFO - AAPL subscription
2024-06-11 22:52:28,877 - IB Producer - INFO - AAPL subscription
2024-06-11 22:53:21,420 - IB Producer - INFO - AAPL subscription
2024-06-11 22:54:22,325 - IB Producer - INFO - AAPL subscription
2024-06-11 22:54:24,046 - IB Producer - INFO - AAPL subscription
2024-06-11 22:54:25,744 - IB Producer - INFO - AAPL subscription
2024-06-11 22:54:27,592 - IB Producer - INFO - AAPL subscription
2024-06-11 22:54:29,761 - IB Producer - INFO - AAPL subscription
2024-06-11 22:54:32,721 - IB Producer - INFO - AAPL subscription
2024-06-11 22:54:37,265 - IB Producer - INFO - AAPL subscription
2024-06-11 22:54:45,019 - IB Producer - INFO - AAPL subscription
2024-06-11 22:54:59,198 - IB Producer - INFO - AAPL subscription
2024-06-11 22:55:26,139 - IB Producer - INFO - AAPL subscription
2024-06-11 22:56:18,692 - IB Producer - INFO - AAPL subscription
2024-06-11 22:56:20,213 - IB Producer - INFO - AAPL subscription
2024-06-11 22:56:21,716 - IB Producer - INFO - AAPL subscription
2024-06-11 22:56:23,268 - IB Producer - INFO - AAPL subscription
2024-06-11 22:56:25,025 - IB Producer - INFO - AAPL subscription
2024-06-11 22:56:27,198 - IB Producer - INFO - AAPL subscription
2024-06-11 22:56:30,164 - IB Producer - INFO - AAPL subscription
2024-06-11 22:56:34,726 - IB Producer - INFO - AAPL subscription
2024-06-11 22:56:42,501 - IB Producer - INFO - AAPL subscription
2024-06-11 22:57:01,644 - IB Producer - INFO - AAPL subscription
2024-06-11 22:57:03,338 - IB Producer - INFO - AAPL subscription
2024-06-11 22:57:05,049 - IB Producer - INFO - AAPL subscription
2024-06-11 22:57:06,832 - IB Producer - INFO - AAPL subscription
2024-06-11 22:57:09,028 - IB Producer - INFO - AAPL subscription
2024-06-11 22:57:11,972 - IB Producer - INFO - AAPL subscription
2024-06-11 22:57:16,516 - IB Producer - INFO - AAPL subscription
2024-06-11 22:57:24,258 - IB Producer - INFO - AAPL subscription
2024-06-11 22:57:38,403 - IB Producer - INFO - AAPL subscription
2024-06-11 22:58:05,362 - IB Producer - INFO - AAPL subscription
2024-06-11 22:58:57,891 - IB Producer - INFO - AAPL subscription
2024-06-11 22:59:40,247 - IB Producer - INFO - AAPL subscription
2024-06-11 22:59:41,925 - IB Producer - INFO - AAPL subscription
2024-06-11 22:59:43,654 - IB Producer - INFO - AAPL subscription
2024-06-11 22:59:45,442 - IB Producer - INFO - AAPL subscription
2024-06-11 22:59:47,639 - IB Producer - INFO - AAPL subscription
2024-06-11 22:59:50,564 - IB Producer - INFO - AAPL subscription
2024-06-11 22:59:55,115 - IB Producer - INFO - AAPL subscription
2024-06-11 23:00:02,907 - IB Producer - INFO - AAPL subscription
2024-06-11 23:00:17,062 - IB Producer - INFO - AAPL subscription
2024-06-11 23:00:44,018 - IB Producer - INFO - AAPL subscription
2024-06-11 23:01:36,572 - IB Producer - INFO - AAPL subscription
2024-06-11 23:01:54,289 - IB Producer - INFO - AAPL subscription
2024-06-11 23:01:55,821 - IB Producer - INFO - AAPL subscription
2024-06-11 23:01:57,384 - IB Producer - INFO - AAPL subscription
2024-06-11 23:01:59,143 - IB Producer - INFO - AAPL subscription
2024-06-11 23:02:01,260 - IB Producer - INFO - AAPL subscription
2024-06-11 23:02:04,204 - IB Producer - INFO - AAPL subscription
2024-06-11 23:02:08,745 - IB Producer - INFO - AAPL subscription
2024-06-11 23:02:16,497 - IB Producer - INFO - AAPL subscription
2024-06-11 23:02:30,627 - IB Producer - INFO - AAPL subscription
2024-06-11 23:03:42,911 - IB Producer - INFO - AAPL subscription
2024-06-11 23:03:44,569 - IB Producer - INFO - AAPL subscription
2024-06-11 23:03:46,276 - IB Producer - INFO - AAPL subscription
2024-06-11 23:03:48,073 - IB Producer - INFO - AAPL subscription
2024-06-11 23:03:50,193 - IB Producer - INFO - AAPL subscription
2024-06-11 23:03:53,162 - IB Producer - INFO - AAPL subscription
2024-06-11 23:03:57,724 - IB Producer - INFO - AAPL subscription
2024-06-11 23:04:05,498 - IB Producer - INFO - AAPL subscription
2024-06-11 23:04:19,632 - IB Producer - INFO - AAPL subscription
2024-06-11 23:04:53,284 - IB Producer - INFO - AAPL subscription
2024-06-11 23:04:54,977 - IB Producer - INFO - AAPL subscription
2024-06-11 23:04:56,654 - IB Producer - INFO - AAPL subscription
2024-06-11 23:04:58,468 - IB Producer - INFO - AAPL subscription
2024-06-11 23:05:00,636 - IB Producer - INFO - AAPL subscription
2024-06-11 23:05:03,611 - IB Producer - INFO - AAPL subscription
2024-06-11 23:05:08,166 - IB Producer - INFO - AAPL subscription
2024-06-11 23:05:15,899 - IB Producer - INFO - AAPL subscription
2024-06-11 23:05:30,054 - IB Producer - INFO - AAPL subscription
2024-06-11 23:05:57,015 - IB Producer - INFO - AAPL subscription
2024-06-11 23:06:24,510 - IB Producer - INFO - AAPL subscription
2024-06-11 23:06:26,021 - IB Producer - INFO - AAPL subscription
2024-06-11 23:06:27,592 - IB Producer - INFO - AAPL subscription
2024-06-11 23:06:29,332 - IB Producer - INFO - AAPL subscription
2024-06-11 23:06:31,500 - IB Producer - INFO - AAPL subscription
2024-06-11 23:06:34,432 - IB Producer - INFO - AAPL subscription
2024-06-11 23:06:38,979 - IB Producer - INFO - AAPL subscription
2024-06-11 23:06:46,719 - IB Producer - INFO - AAPL subscription
2024-06-11 23:07:00,851 - IB Producer - INFO - AAPL subscription
2024-06-11 23:07:19,183 - IB Producer - INFO - AAPL subscription
2024-06-11 23:07:20,704 - IB Producer - INFO - AAPL subscription
2024-06-11 23:07:22,289 - IB Producer - INFO - AAPL subscription
2024-06-11 23:07:24,016 - IB Producer - INFO - AAPL subscription
2024-06-11 23:07:26,206 - IB Producer - INFO - AAPL subscription
2024-06-11 23:07:29,163 - IB Producer - INFO - AAPL subscription
2024-06-11 23:07:33,744 - IB Producer - INFO - AAPL subscription
2024-06-11 23:07:41,489 - IB Producer - INFO - AAPL subscription
2024-06-11 23:07:55,652 - IB Producer - INFO - AAPL subscription
2024-06-11 23:08:22,593 - IB Producer - INFO - AAPL subscription
2024-06-11 23:08:24,095 - IB Producer - INFO - AAPL subscription
2024-06-11 23:08:25,597 - IB Producer - INFO - AAPL subscription
2024-06-11 23:08:27,154 - IB Producer - INFO - AAPL subscription
2024-06-11 23:08:28,909 - IB Producer - INFO - AAPL subscription
2024-06-11 23:08:31,042 - IB Producer - INFO - AAPL subscription
2024-06-11 23:08:33,973 - IB Producer - INFO - AAPL subscription
2024-06-11 23:08:38,505 - IB Producer - INFO - AAPL subscription
2024-06-11 23:08:46,230 - IB Producer - INFO - AAPL subscription
2024-06-11 23:09:27,365 - IB Producer - INFO - AAPL subscription
2024-06-11 23:11:21,249 - IB Producer - INFO - AAPL subscription
2024-06-11 23:12:19,002 - IB Producer - INFO - AAPL subscription
2024-06-11 23:12:20,491 - IB Producer - INFO - AAPL subscription
2024-06-11 23:12:22,076 - IB Producer - INFO - AAPL subscription
2024-06-11 23:12:23,842 - IB Producer - INFO - AAPL subscription
2024-06-11 23:12:26,014 - IB Producer - INFO - AAPL subscription
2024-06-11 23:12:28,964 - IB Producer - INFO - AAPL subscription
2024-06-11 23:12:33,529 - IB Producer - INFO - AAPL subscription
2024-06-11 23:12:41,272 - IB Producer - INFO - AAPL subscription
2024-06-11 23:12:55,421 - IB Producer - INFO - AAPL subscription
2024-06-11 23:13:22,375 - IB Producer - INFO - AAPL subscription
2024-06-11 23:14:14,911 - IB Producer - INFO - AAPL subscription
2024-06-11 23:15:16,294 - IB Producer - INFO - AAPL subscription
